Determining if the pthread_create exist failed with the following output:
Change Dir: /work/R3BRoot/build/CMakeFiles/CMakeTmp

Run Build Command:"/usr/bin/make" "cmTC_234a4/fast"
/usr/bin/make -f CMakeFiles/cmTC_234a4.dir/build.make CMakeFiles/cmTC_234a4.dir/build
make[1]: Entering directory '/work/R3BRoot/build/CMakeFiles/CMakeTmp'
Building C object CMakeFiles/cmTC_234a4.dir/CheckSymbolExists.c.o
/usr/bin/cc    -o CMakeFiles/cmTC_234a4.dir/CheckSymbolExists.c.o   -c /work/R3BRoot/build/CMakeFiles/CMakeTmp/CheckSymbolExists.c
Linking C executable cmTC_234a4
/opt/fairsoft/bin/cmake -E cmake_link_script CMakeFiles/cmTC_234a4.dir/link.txt --verbose=1
/usr/bin/cc      CMakeFiles/cmTC_234a4.dir/CheckSymbolExists.c.o  -o cmTC_234a4 
CMakeFiles/cmTC_234a4.dir/CheckSymbolExists.c.o: In function `main':
CheckSymbolExists.c:(.text+0x1b): undefined reference to `pthread_create'
collect2: error: ld returned 1 exit status
CMakeFiles/cmTC_234a4.dir/build.make:86: recipe for target 'cmTC_234a4' failed
make[1]: *** [cmTC_234a4] Error 1
make[1]: Leaving directory '/work/R3BRoot/build/CMakeFiles/CMakeTmp'
Makefile:121: recipe for target 'cmTC_234a4/fast' failed
make: *** [cmTC_234a4/fast] Error 2

File /work/R3BRoot/build/CMakeFiles/CMakeTmp/CheckSymbolExists.c:
/* */
#include <pthread.h>

int main(int argc, char** argv)
{
  (void)argv;
#ifndef pthread_create
  return ((int*)(&pthread_create))[argc];
#else
  (void)argc;
  return 0;
#endif
}

Determining if the function pthread_create exists in the pthreads failed with the following output:
Change Dir: /work/R3BRoot/build/CMakeFiles/CMakeTmp

Run Build Command:"/usr/bin/make" "cmTC_a0bad/fast"
/usr/bin/make -f CMakeFiles/cmTC_a0bad.dir/build.make CMakeFiles/cmTC_a0bad.dir/build
make[1]: Entering directory '/work/R3BRoot/build/CMakeFiles/CMakeTmp'
Building C object CMakeFiles/cmTC_a0bad.dir/CheckFunctionExists.c.o
/usr/bin/cc   -DCHECK_FUNCTION_EXISTS=pthread_create   -o CMakeFiles/cmTC_a0bad.dir/CheckFunctionExists.c.o   -c /opt/fairsoft/share/cmake-3.13/Modules/CheckFunctionExists.c
Linking C executable cmTC_a0bad
/opt/fairsoft/bin/cmake -E cmake_link_script CMakeFiles/cmTC_a0bad.dir/link.txt --verbose=1
/usr/bin/cc  -DCHECK_FUNCTION_EXISTS=pthread_create    CMakeFiles/cmTC_a0bad.dir/CheckFunctionExists.c.o  -o cmTC_a0bad -lpthreads 
/usr/bin/ld: cannot find -lpthreads
collect2: error: ld returned 1 exit status
CMakeFiles/cmTC_a0bad.dir/build.make:86: recipe for target 'cmTC_a0bad' failed
make[1]: *** [cmTC_a0bad] Error 1
make[1]: Leaving directory '/work/R3BRoot/build/CMakeFiles/CMakeTmp'
Makefile:121: recipe for target 'cmTC_a0bad/fast' failed
make: *** [cmTC_a0bad/fast] Error 2


